{"/home/travis/build/npmtest/node-npmtest-cfenv/test.js":{"path":"/home/travis/build/npmtest/node-npmtest-cfenv/test.js","s":{"1":2,"2":2,"3":2,"4":2,"5":2,"6":2,"7":2,"8":1,"9":2,"10":2,"11":1,"12":1,"13":1,"14":1,"15":2,"16":2,"17":2,"18":2,"19":1,"20":1,"21":2,"22":2,"23":2,"24":1,"25":1,"26":1,"27":1,"28":1,"29":1,"30":1,"31":1,"32":1,"33":1,"34":1,"35":1,"36":1,"37":1,"38":1,"39":2,"40":2,"41":1,"42":2,"43":2,"44":1,"45":2,"46":2,"47":1,"48":2,"49":2,"50":1,"51":1,"52":1,"53":1,"54":1},"b":{"1":[2,1,1,1],"2":[1,1,1,1],"3":[1,1],"4":[1,1],"5":[1,1],"6":[1,1],"7":[1,1],"8":[1,1],"9":[1,1],"10":[1,1,1],"11":[1,1],"12":[1,1],"13":[1,1],"14":[1,1],"15":[1,1],"16":[1,1],"17":[1,1]},"f":{"1":2,"2":2,"3":2,"4":2,"5":2,"6":1,"7":1,"8":1,"9":2,"10":2,"11":2,"12":2,"13":1},"fnMap":{"1":{"name":"(anonymous_1)","line":12,"loc":{"start":{"line":12,"column":1},"end":{"line":12,"column":13}}},"2":{"name":"(anonymous_2)","line":19,"loc":{"start":{"line":19,"column":5},"end":{"line":19,"column":17}}},"3":{"name":"(anonymous_3)","line":23,"loc":{"start":{"line":23,"column":24},"end":{"line":23,"column":36}}},"4":{"name":"(anonymous_4)","line":61,"loc":{"start":{"line":61,"column":5},"end":{"line":61,"column":17}}},"5":{"name":"(anonymous_5)","line":82,"loc":{"start":{"line":82,"column":5},"end":{"line":82,"column":17}}},"6":{"name":"(anonymous_6)","line":91,"loc":{"start":{"line":91,"column":77},"end":{"line":94,"column":10}}},"7":{"name":"(anonymous_7)","line":112,"loc":{"start":{"line":112,"column":83},"end":{"line":115,"column":10}},"skip":true},"8":{"name":"(anonymous_8)","line":123,"loc":{"start":{"line":123,"column":77},"end":{"line":126,"column":10}},"skip":true},"9":{"name":"(anonymous_9)","line":139,"loc":{"start":{"line":139,"column":12},"end":{"line":139,"column":40}},"skip":true},"10":{"name":"(anonymous_10)","line":147,"loc":{"start":{"line":147,"column":77},"end":{"line":150,"column":10}},"skip":true},"11":{"name":"(anonymous_11)","line":158,"loc":{"start":{"line":158,"column":83},"end":{"line":161,"column":10}},"skip":true},"12":{"name":"(anonymous_12)","line":169,"loc":{"start":{"line":169,"column":79},"end":{"line":172,"column":10}},"skip":true},"13":{"name":"(anonymous_13)","line":180,"loc":{"start":{"line":180,"column":75},"end":{"line":183,"column":10}},"skip":true}},"statementMap":{"1":{"start":{"line":12,"column":0},"end":{"line":195,"column":5}},"2":{"start":{"line":14,"column":4},"end":{"line":14,"column":14}},"3":{"start":{"line":19,"column":4},"end":{"line":56,"column":9}},"4":{"start":{"line":21,"column":8},"end":{"line":21,"column":19}},"5":{"start":{"line":23,"column":8},"end":{"line":35,"column":13}},"6":{"start":{"line":24,"column":12},"end":{"line":34,"column":13}},"7":{"start":{"line":25,"column":16},"end":{"line":28,"column":30}},"8":{"start":{"line":30,"column":16},"end":{"line":33,"column":27}},"9":{"start":{"line":37,"column":8},"end":{"line":39,"column":21}},"10":{"start":{"line":40,"column":8},"end":{"line":53,"column":9}},"11":{"start":{"line":43,"column":12},"end":{"line":46,"column":14}},"12":{"start":{"line":47,"column":12},"end":{"line":47,"column":18}},"13":{"start":{"line":50,"column":12},"end":{"line":51,"column":33}},"14":{"start":{"line":52,"column":12},"end":{"line":52,"column":18}},"15":{"start":{"line":55,"column":8},"end":{"line":55,"column":35}},"16":{"start":{"line":61,"column":4},"end":{"line":63,"column":9}},"17":{"start":{"line":62,"column":8},"end":{"line":62,"column":15}},"18":{"start":{"line":64,"column":4},"end":{"line":77,"column":5}},"19":{"start":{"line":70,"column":8},"end":{"line":70,"column":14}},"20":{"start":{"line":76,"column":8},"end":{"line":76,"column":14}},"21":{"start":{"line":82,"column":4},"end":{"line":84,"column":9}},"22":{"start":{"line":83,"column":8},"end":{"line":83,"column":15}},"23":{"start":{"line":85,"column":4},"end":{"line":194,"column":5}},"24":{"start":{"line":91,"column":8},"end":{"line":99,"column":10}},"25":{"start":{"line":98,"column":12},"end":{"line":98,"column":35}},"26":{"start":{"line":102,"column":8},"end":{"line":104,"column":63}},"27":{"start":{"line":105,"column":8},"end":{"line":105,"column":14}},"28":{"start":{"line":112,"column":8},"end":{"line":121,"column":10},"skip":true},"29":{"start":{"line":119,"column":12},"end":{"line":119,"column":55},"skip":true},"30":{"start":{"line":120,"column":12},"end":{"line":120,"column":48},"skip":true},"31":{"start":{"line":123,"column":8},"end":{"line":136,"column":10},"skip":true},"32":{"start":{"line":130,"column":12},"end":{"line":130,"column":76},"skip":true},"33":{"start":{"line":131,"column":12},"end":{"line":131,"column":73},"skip":true},"34":{"start":{"line":132,"column":12},"end":{"line":132,"column":74},"skip":true},"35":{"start":{"line":133,"column":12},"end":{"line":133,"column":79},"skip":true},"36":{"start":{"line":134,"column":12},"end":{"line":134,"column":25},"skip":true},"37":{"start":{"line":135,"column":12},"end":{"line":135,"column":45},"skip":true},"38":{"start":{"line":138,"column":8},"end":{"line":145,"column":14},"skip":true},"39":{"start":{"line":143,"column":16},"end":{"line":143,"column":29},"skip":true},"40":{"start":{"line":144,"column":16},"end":{"line":144,"column":55},"skip":true},"41":{"start":{"line":147,"column":8},"end":{"line":156,"column":10},"skip":true},"42":{"start":{"line":154,"column":12},"end":{"line":154,"column":25},"skip":true},"43":{"start":{"line":155,"column":12},"end":{"line":155,"column":45},"skip":true},"44":{"start":{"line":158,"column":8},"end":{"line":167,"column":10},"skip":true},"45":{"start":{"line":165,"column":12},"end":{"line":165,"column":25},"skip":true},"46":{"start":{"line":166,"column":12},"end":{"line":166,"column":48},"skip":true},"47":{"start":{"line":169,"column":8},"end":{"line":178,"column":10},"skip":true},"48":{"start":{"line":176,"column":12},"end":{"line":176,"column":25},"skip":true},"49":{"start":{"line":177,"column":12},"end":{"line":177,"column":46},"skip":true},"50":{"start":{"line":180,"column":8},"end":{"line":189,"column":10},"skip":true},"51":{"start":{"line":187,"column":12},"end":{"line":187,"column":94},"skip":true},"52":{"start":{"line":188,"column":12},"end":{"line":188,"column":48},"skip":true},"53":{"start":{"line":192,"column":8},"end":{"line":192,"column":35},"skip":true},"54":{"start":{"line":193,"column":8},"end":{"line":193,"column":14},"skip":true}},"branchMap":{"1":{"line":25,"type":"binary-expr","locations":[{"start":{"line":25,"column":23},"end":{"line":25,"column":62}},{"start":{"line":26,"column":20},"end":{"line":26,"column":70}},{"start":{"line":27,"column":20},"end":{"line":27,"column":71}},{"start":{"line":28,"column":20},"end":{"line":28,"column":29}}]},"2":{"line":30,"type":"binary-expr","locations":[{"start":{"line":30,"column":23},"end":{"line":30,"column":37}},{"start":{"line":31,"column":20},"end":{"line":31,"column":61}},{"start":{"line":32,"column":20},"end":{"line":32,"column":70}},{"start":{"line":33,"column":20},"end":{"line":33,"column":26}}]},"3":{"line":37,"type":"cond-expr","locations":[{"start":{"line":38,"column":14},"end":{"line":38,"column":20}},{"start":{"line":39,"column":14},"end":{"line":39,"column":20}}]},"4":{"line":40,"type":"switch","locations":[{"start":{"line":42,"column":8},"end":{"line":47,"column":18}},{"start":{"line":49,"column":8},"end":{"line":52,"column":18}}]},"5":{"line":44,"type":"binary-expr","locations":[{"start":{"line":44,"column":16},"end":{"line":44,"column":44}},{"start":{"line":44,"column":48},"end":{"line":44,"column":66}}]},"6":{"line":50,"type":"binary-expr","locations":[{"start":{"line":50,"column":21},"end":{"line":50,"column":49}},{"start":{"line":50,"column":53},"end":{"line":50,"column":72}}]},"7":{"line":64,"type":"switch","locations":[{"start":{"line":69,"column":4},"end":{"line":70,"column":14}},{"start":{"line":75,"column":4},"end":{"line":76,"column":14}}]},"8":{"line":85,"type":"switch","locations":[{"start":{"line":90,"column":4},"end":{"line":105,"column":14}},{"start":{"line":111,"column":4},"end":{"line":193,"column":14},"skip":true}]},"9":{"line":91,"type":"binary-expr","locations":[{"start":{"line":91,"column":42},"end":{"line":91,"column":73}},{"start":{"line":91,"column":77},"end":{"line":99,"column":9}}]},"10":{"line":102,"type":"binary-expr","locations":[{"start":{"line":102,"column":18},"end":{"line":102,"column":32}},{"start":{"line":103,"column":12},"end":{"line":103,"column":53}},{"start":{"line":104,"column":12},"end":{"line":104,"column":61}}]},"11":{"line":112,"type":"binary-expr","locations":[{"start":{"line":112,"column":45},"end":{"line":112,"column":79},"skip":true},{"start":{"line":112,"column":83},"end":{"line":121,"column":9},"skip":true}]},"12":{"line":123,"type":"binary-expr","locations":[{"start":{"line":123,"column":42},"end":{"line":123,"column":73},"skip":true},{"start":{"line":123,"column":77},"end":{"line":136,"column":9},"skip":true}]},"13":{"line":138,"type":"binary-expr","locations":[{"start":{"line":138,"column":48},"end":{"line":138,"column":85},"skip":true},{"start":{"line":139,"column":12},"end":{"line":145,"column":13},"skip":true}]},"14":{"line":147,"type":"binary-expr","locations":[{"start":{"line":147,"column":42},"end":{"line":147,"column":73},"skip":true},{"start":{"line":147,"column":77},"end":{"line":156,"column":9},"skip":true}]},"15":{"line":158,"type":"binary-expr","locations":[{"start":{"line":158,"column":45},"end":{"line":158,"column":79},"skip":true},{"start":{"line":158,"column":83},"end":{"line":167,"column":9},"skip":true}]},"16":{"line":169,"type":"binary-expr","locations":[{"start":{"line":169,"column":43},"end":{"line":169,"column":75},"skip":true},{"start":{"line":169,"column":79},"end":{"line":178,"column":9},"skip":true}]},"17":{"line":180,"type":"binary-expr","locations":[{"start":{"line":180,"column":41},"end":{"line":180,"column":71},"skip":true},{"start":{"line":180,"column":75},"end":{"line":189,"column":9},"skip":true}]}},"code":["/* istanbul instrument in package npmtest_cfenv */","/*jslint","    bitwise: true,","    browser: true,","    maxerr: 8,","    maxlen: 96,","    node: true,","    nomen: true,","    regexp: true,","    stupid: true","*/","(function () {","    'use strict';","    var local;","","","","    // run shared js-env code - pre-init","    (function () {","        // init local","        local = {};","        // init modeJs","        local.modeJs = (function () {","            try {","                return typeof navigator.userAgent === 'string' &&","                    typeof document.querySelector('body') === 'object' &&","                    typeof XMLHttpRequest.prototype.open === 'function' &&","                    'browser';","            } catch (errorCaughtBrowser) {","                return module.exports &&","                    typeof process.versions.node === 'string' &&","                    typeof require('http').createServer === 'function' &&","                    'node';","            }","        }());","        // init global","        local.global = local.modeJs === 'browser'","            ? window","            : global;","        switch (local.modeJs) {","        // re-init local from window.local","        case 'browser':","            local = local.global.utility2.objectSetDefault(","                local.global.utility2_rollup || local.global.local,","                local.global.utility2","            );","            break;","        // re-init local from example.js","        case 'node':","            local = (local.global.utility2_rollup || require('utility2'))","                .requireReadme();","            break;","        }","        // export local","        local.global.local = local;","    }());","","","","    // run shared js-env code - function","    (function () {","        return;","    }());","    switch (local.modeJs) {","","","","    // run browser js-env code - function","    case 'browser':","        break;","","","","    // run node js-env code - function","    case 'node':","        break;","    }","","","","    // run shared js-env code - post-init","    (function () {","        return;","    }());","    switch (local.modeJs) {","","","","    // run browser js-env code - post-init","    case 'browser':","        local.testCase_browser_nullCase = local.testCase_browser_nullCase || function (","            options,","            onError","        ) {","        /*","         * this function will test browsers's null-case handling-behavior-behavior","         */","            onError(null, options);","        };","","        // run tests","        local.nop(local.modeTest &&","            document.querySelector('#testRunButton1') &&","            document.querySelector('#testRunButton1').click());","        break;","","","","    // run node js-env code - post-init","    /* istanbul ignore next */","    case 'node':","        local.testCase_buildApidoc_default = local.testCase_buildApidoc_default || function (","            options,","            onError","        ) {","        /*","         * this function will test buildApidoc's default handling-behavior-behavior","         */","            options = { modulePathList: module.paths };","            local.buildApidoc(options, onError);","        };","","        local.testCase_buildApp_default = local.testCase_buildApp_default || function (","            options,","            onError","        ) {","        /*","         * this function will test buildApp's default handling-behavior-behavior","         */","            local.testCase_buildReadme_default(options, local.onErrorThrow);","            local.testCase_buildLib_default(options, local.onErrorThrow);","            local.testCase_buildTest_default(options, local.onErrorThrow);","            local.testCase_buildCustomOrg_default(options, local.onErrorThrow);","            options = [];","            local.buildApp(options, onError);","        };","","        local.testCase_buildCustomOrg_default = local.testCase_buildCustomOrg_default ||","            function (options, onError) {","            /*","             * this function will test buildCustomOrg's default handling-behavior","             */","                options = {};","                local.buildCustomOrg(options, onError);","            };","","        local.testCase_buildLib_default = local.testCase_buildLib_default || function (","            options,","            onError","        ) {","        /*","         * this function will test buildLib's default handling-behavior","         */","            options = {};","            local.buildLib(options, onError);","        };","","        local.testCase_buildReadme_default = local.testCase_buildReadme_default || function (","            options,","            onError","        ) {","        /*","         * this function will test buildReadme's default handling-behavior-behavior","         */","            options = {};","            local.buildReadme(options, onError);","        };","","        local.testCase_buildTest_default = local.testCase_buildTest_default || function (","            options,","            onError","        ) {","        /*","         * this function will test buildTest's default handling-behavior","         */","            options = {};","            local.buildTest(options, onError);","        };","","        local.testCase_webpage_default = local.testCase_webpage_default || function (","            options,","            onError","        ) {","        /*","         * this function will test webpage's default handling-behavior","         */","            options = { modeCoverageMerge: true, url: local.serverLocalHost + '?modeTest=1' };","            local.browserTest(options, onError);","        };","","        // run test-server","        local.testRunServer(local);","        break;","    }","}());",""],"l":{"12":2,"14":2,"19":2,"21":2,"23":2,"24":2,"25":2,"30":1,"37":2,"40":2,"43":1,"47":1,"50":1,"52":1,"55":2,"61":2,"62":2,"64":2,"70":1,"76":1,"82":2,"83":2,"85":2,"91":1,"98":1,"102":1,"105":1,"112":1,"119":1,"120":1,"123":1,"130":1,"131":1,"132":1,"133":1,"134":1,"135":1,"138":1,"143":2,"144":2,"147":1,"154":2,"155":2,"158":1,"165":2,"166":2,"169":1,"176":2,"177":2,"180":1,"187":1,"188":1,"192":1,"193":1}},"/home/travis/build/npmtest/node-npmtest-cfenv/lib.npmtest_cfenv.js":{"path":"/home/travis/build/npmtest/node-npmtest-cfenv/lib.npmtest_cfenv.js","s":{"1":2,"2":2,"3":2,"4":2,"5":2,"6":2,"7":2,"8":1,"9":2,"10":2,"11":2,"12":2,"13":1,"14":1,"15":1,"16":1},"b":{"1":[2,1,1,1],"2":[1,1,1,1],"3":[1,1],"4":[2,2],"5":[1,1]},"f":{"1":2,"2":2,"3":2},"fnMap":{"1":{"name":"(anonymous_1)","line":12,"loc":{"start":{"line":12,"column":1},"end":{"line":12,"column":13}}},"2":{"name":"(anonymous_2)","line":19,"loc":{"start":{"line":19,"column":5},"end":{"line":19,"column":17}}},"3":{"name":"(anonymous_3)","line":23,"loc":{"start":{"line":23,"column":24},"end":{"line":23,"column":36}}}},"statementMap":{"1":{"start":{"line":12,"column":0},"end":{"line":53,"column":5}},"2":{"start":{"line":14,"column":4},"end":{"line":14,"column":14}},"3":{"start":{"line":19,"column":4},"end":{"line":52,"column":9}},"4":{"start":{"line":21,"column":8},"end":{"line":21,"column":19}},"5":{"start":{"line":23,"column":8},"end":{"line":35,"column":13}},"6":{"start":{"line":24,"column":12},"end":{"line":34,"column":13}},"7":{"start":{"line":25,"column":16},"end":{"line":28,"column":30}},"8":{"start":{"line":30,"column":16},"end":{"line":33,"column":27}},"9":{"start":{"line":37,"column":8},"end":{"line":39,"column":21}},"10":{"start":{"line":41,"column":8},"end":{"line":41,"column":54}},"11":{"start":{"line":43,"column":8},"end":{"line":43,"column":50}},"12":{"start":{"line":45,"column":8},"end":{"line":51,"column":9}},"13":{"start":{"line":46,"column":12},"end":{"line":46,"column":56}},"14":{"start":{"line":48,"column":12},"end":{"line":48,"column":35}},"15":{"start":{"line":49,"column":12},"end":{"line":49,"column":49}},"16":{"start":{"line":50,"column":12},"end":{"line":50,"column":43}}},"branchMap":{"1":{"line":25,"type":"binary-expr","locations":[{"start":{"line":25,"column":23},"end":{"line":25,"column":62}},{"start":{"line":26,"column":20},"end":{"line":26,"column":70}},{"start":{"line":27,"column":20},"end":{"line":27,"column":71}},{"start":{"line":28,"column":20},"end":{"line":28,"column":29}}]},"2":{"line":30,"type":"binary-expr","locations":[{"start":{"line":30,"column":23},"end":{"line":30,"column":37}},{"start":{"line":31,"column":20},"end":{"line":31,"column":61}},{"start":{"line":32,"column":20},"end":{"line":32,"column":70}},{"start":{"line":33,"column":20},"end":{"line":33,"column":26}}]},"3":{"line":37,"type":"cond-expr","locations":[{"start":{"line":38,"column":14},"end":{"line":38,"column":20}},{"start":{"line":39,"column":14},"end":{"line":39,"column":20}}]},"4":{"line":41,"type":"binary-expr","locations":[{"start":{"line":41,"column":16},"end":{"line":41,"column":44}},{"start":{"line":41,"column":48},"end":{"line":41,"column":53}}]},"5":{"line":45,"type":"if","locations":[{"start":{"line":45,"column":8},"end":{"line":45,"column":8}},{"start":{"line":45,"column":8},"end":{"line":45,"column":8}}]}},"code":["/* istanbul instrument in package npmtest_cfenv */","/*jslint","    bitwise: true,","    browser: true,","    maxerr: 8,","    maxlen: 96,","    node: true,","    nomen: true,","    regexp: true,","    stupid: true","*/","(function () {","    'use strict';","    var local;","","","","    // run shared js-env code - pre-init","    (function () {","        // init local","        local = {};","        // init modeJs","        local.modeJs = (function () {","            try {","                return typeof navigator.userAgent === 'string' &&","                    typeof document.querySelector('body') === 'object' &&","                    typeof XMLHttpRequest.prototype.open === 'function' &&","                    'browser';","            } catch (errorCaughtBrowser) {","                return module.exports &&","                    typeof process.versions.node === 'string' &&","                    typeof require('http').createServer === 'function' &&","                    'node';","            }","        }());","        // init global","        local.global = local.modeJs === 'browser'","            ? window","            : global;","        // init utility2_rollup","        local = local.global.utility2_rollup || local;","        // init lib","        local.local = local.npmtest_cfenv = local;","        // init exports","        if (local.modeJs === 'browser') {","            local.global.utility2_npmtest_cfenv = local;","        } else {","            module.exports = local;","            module.exports.__dirname = __dirname;","            module.exports.module = module;","        }","    }());","}());",""],"l":{"12":2,"14":2,"19":2,"21":2,"23":2,"24":2,"25":2,"30":1,"37":2,"41":2,"43":2,"45":2,"46":1,"48":1,"49":1,"50":1}},"/home/travis/build/npmtest/node-npmtest-cfenv/example.js":{"path":"/home/travis/build/npmtest/node-npmtest-cfenv/example.js","s":{"1":2,"2":2,"3":2,"4":2,"5":2,"6":2,"7":2,"8":1,"9":2,"10":2,"11":2,"12":2,"13":1,"14":2,"15":2,"16":2,"17":2,"18":2,"19":0,"20":2,"21":1,"22":1,"23":1,"24":1,"25":1,"26":0,"27":0,"28":1,"29":1,"30":2,"31":0,"32":0,"33":0,"34":1,"35":2,"36":2,"37":3,"38":3,"39":3,"40":3,"41":0,"42":3,"43":3,"44":3,"45":1,"46":3,"47":1,"48":1,"49":1,"50":1,"51":1,"52":1,"53":1,"54":1,"55":1,"56":1,"57":0,"58":1,"59":6,"60":6,"61":1,"62":2,"63":0,"64":2,"65":1,"66":1,"67":0,"68":0,"69":0,"70":0,"71":0,"72":0,"73":0,"74":0,"75":0,"76":0,"77":0,"78":0,"79":0,"80":0,"81":0,"82":0,"83":0},"b":{"1":[2,1,1,1],"2":[1,1,1,1],"3":[1,1],"4":[2,2],"5":[1,1],"6":[1,1],"7":[2,0],"8":[2,1,1,1,1,1],"9":[0,2,0],"10":[1,1],"11":[2,1,1],"12":[1,0],"13":[0,2],"14":[2,0,0,0,0,0,0],"15":[0,3],"16":[3,0],"17":[1,1],"18":[0,1],"19":[1,2,0,2],"20":[1,0],"21":[1,1],"22":[0,0],"23":[0,0],"24":[0,0],"25":[0,0],"26":[0,0],"27":[0,0],"28":[0,0]},"f":{"1":2,"2":2,"3":2,"4":2,"5":2,"6":2,"7":3,"8":3,"9":3,"10":1,"11":6,"12":0},"fnMap":{"1":{"name":"(anonymous_1)","line":26,"loc":{"start":{"line":26,"column":1},"end":{"line":26,"column":13}}},"2":{"name":"(anonymous_2)","line":33,"loc":{"start":{"line":33,"column":5},"end":{"line":33,"column":17}}},"3":{"name":"(anonymous_3)","line":37,"loc":{"start":{"line":37,"column":24},"end":{"line":37,"column":36}}},"4":{"name":"(anonymous_4)","line":69,"loc":{"start":{"line":69,"column":31},"end":{"line":69,"column":48}},"skip":true},"5":{"name":"(anonymous_5)","line":78,"loc":{"start":{"line":78,"column":26},"end":{"line":78,"column":45}},"skip":true},"6":{"name":"(anonymous_6)","line":123,"loc":{"start":{"line":123,"column":33},"end":{"line":123,"column":48}},"skip":true},"7":{"name":"(anonymous_7)","line":125,"loc":{"start":{"line":125,"column":27},"end":{"line":125,"column":39}},"skip":true},"8":{"name":"(anonymous_8)","line":133,"loc":{"start":{"line":133,"column":59},"end":{"line":133,"column":74}},"skip":true},"9":{"name":"(anonymous_9)","line":143,"loc":{"start":{"line":143,"column":45},"end":{"line":143,"column":62}},"skip":true},"10":{"name":"(anonymous_10)","line":144,"loc":{"start":{"line":144,"column":73},"end":{"line":144,"column":92}},"skip":true},"11":{"name":"(anonymous_11)","line":272,"loc":{"start":{"line":272,"column":51},"end":{"line":272,"column":77}},"skip":true},"12":{"name":"(anonymous_12)","line":315,"loc":{"start":{"line":315,"column":32},"end":{"line":315,"column":61}},"skip":true}},"statementMap":{"1":{"start":{"line":26,"column":0},"end":{"line":326,"column":5}},"2":{"start":{"line":28,"column":4},"end":{"line":28,"column":14}},"3":{"start":{"line":33,"column":4},"end":{"line":60,"column":9}},"4":{"start":{"line":35,"column":8},"end":{"line":35,"column":19}},"5":{"start":{"line":37,"column":8},"end":{"line":49,"column":13}},"6":{"start":{"line":38,"column":12},"end":{"line":48,"column":13}},"7":{"start":{"line":39,"column":16},"end":{"line":42,"column":30}},"8":{"start":{"line":44,"column":16},"end":{"line":47,"column":27}},"9":{"start":{"line":51,"column":8},"end":{"line":53,"column":21}},"10":{"start":{"line":55,"column":8},"end":{"line":57,"column":45}},"11":{"start":{"line":59,"column":8},"end":{"line":59,"column":35}},"12":{"start":{"line":61,"column":4},"end":{"line":325,"column":5}},"13":{"start":{"line":69,"column":8},"end":{"line":121,"column":10},"skip":true},"14":{"start":{"line":70,"column":12},"end":{"line":88,"column":13},"skip":true},"15":{"start":{"line":76,"column":16},"end":{"line":87,"column":19},"skip":true},"16":{"start":{"line":79,"column":20},"end":{"line":86,"column":21},"skip":true},"17":{"start":{"line":82,"column":24},"end":{"line":82,"column":43},"skip":true},"18":{"start":{"line":83,"column":24},"end":{"line":83,"column":30},"skip":true},"19":{"start":{"line":85,"column":24},"end":{"line":85,"column":49},"skip":true},"20":{"start":{"line":89,"column":12},"end":{"line":107,"column":13},"skip":true},"21":{"start":{"line":92,"column":16},"end":{"line":102,"column":17},"skip":true},"22":{"start":{"line":93,"column":20},"end":{"line":93,"column":86},"skip":true},"23":{"start":{"line":94,"column":20},"end":{"line":95,"column":45},"skip":true},"24":{"start":{"line":96,"column":20},"end":{"line":96,"column":42},"skip":true},"25":{"start":{"line":97,"column":20},"end":{"line":97,"column":48},"skip":true},"26":{"start":{"line":100,"column":20},"end":{"line":100,"column":85},"skip":true},"27":{"start":{"line":101,"column":20},"end":{"line":101,"column":96},"skip":true},"28":{"start":{"line":103,"column":16},"end":{"line":103,"column":22},"skip":true},"29":{"start":{"line":106,"column":16},"end":{"line":106,"column":22},"skip":true},"30":{"start":{"line":108,"column":12},"end":{"line":120,"column":13},"skip":true},"31":{"start":{"line":114,"column":16},"end":{"line":119,"column":17},"skip":true},"32":{"start":{"line":116,"column":20},"end":{"line":116,"column":78},"skip":true},"33":{"start":{"line":118,"column":20},"end":{"line":118,"column":47},"skip":true},"34":{"start":{"line":123,"column":8},"end":{"line":141,"column":11},"skip":true},"35":{"start":{"line":124,"column":12},"end":{"line":124,"column":54},"skip":true},"36":{"start":{"line":125,"column":12},"end":{"line":140,"column":14},"skip":true},"37":{"start":{"line":126,"column":16},"end":{"line":126,"column":28},"skip":true},"38":{"start":{"line":127,"column":16},"end":{"line":127,"column":69},"skip":true},"39":{"start":{"line":128,"column":16},"end":{"line":128,"column":75},"skip":true},"40":{"start":{"line":129,"column":16},"end":{"line":131,"column":17},"skip":true},"41":{"start":{"line":130,"column":20},"end":{"line":130,"column":27},"skip":true},"42":{"start":{"line":133,"column":16},"end":{"line":137,"column":36},"skip":true},"43":{"start":{"line":134,"column":20},"end":{"line":136,"column":55},"skip":true},"44":{"start":{"line":139,"column":16},"end":{"line":139,"column":57},"skip":true},"45":{"start":{"line":143,"column":8},"end":{"line":147,"column":11},"skip":true},"46":{"start":{"line":144,"column":12},"end":{"line":146,"column":15},"skip":true},"47":{"start":{"line":145,"column":16},"end":{"line":145,"column":70},"skip":true},"48":{"start":{"line":149,"column":8},"end":{"line":149,"column":31},"skip":true},"49":{"start":{"line":150,"column":8},"end":{"line":150,"column":14},"skip":true},"50":{"start":{"line":158,"column":8},"end":{"line":158,"column":31},"skip":true},"51":{"start":{"line":160,"column":8},"end":{"line":160,"column":33},"skip":true},"52":{"start":{"line":161,"column":8},"end":{"line":161,"column":37},"skip":true},"53":{"start":{"line":162,"column":8},"end":{"line":162,"column":35},"skip":true},"54":{"start":{"line":164,"column":8},"end":{"line":164,"column":50},"skip":true},"55":{"start":{"line":166,"column":8},"end":{"line":256,"column":2},"skip":true},"56":{"start":{"line":258,"column":8},"end":{"line":286,"column":9},"skip":true},"57":{"start":{"line":259,"column":12},"end":{"line":269,"column":14},"skip":true},"58":{"start":{"line":271,"column":12},"end":{"line":285,"column":19},"skip":true},"59":{"start":{"line":274,"column":20},"end":{"line":274,"column":35},"skip":true},"60":{"start":{"line":275,"column":20},"end":{"line":284,"column":21},"skip":true},"61":{"start":{"line":277,"column":24},"end":{"line":277,"column":64},"skip":true},"62":{"start":{"line":279,"column":24},"end":{"line":279,"column":40},"skip":true},"63":{"start":{"line":281,"column":24},"end":{"line":281,"column":40},"skip":true},"64":{"start":{"line":283,"column":24},"end":{"line":283,"column":39},"skip":true},"65":{"start":{"line":288,"column":8},"end":{"line":290,"column":9},"skip":true},"66":{"start":{"line":289,"column":12},"end":{"line":289,"column":18},"skip":true},"67":{"start":{"line":291,"column":8},"end":{"line":293,"column":54},"skip":true},"68":{"start":{"line":296,"column":8},"end":{"line":301,"column":37},"skip":true},"69":{"start":{"line":303,"column":8},"end":{"line":303,"column":82},"skip":true},"70":{"start":{"line":306,"column":8},"end":{"line":308,"column":9},"skip":true},"71":{"start":{"line":307,"column":12},"end":{"line":307,"column":82},"skip":true},"72":{"start":{"line":310,"column":8},"end":{"line":312,"column":9},"skip":true},"73":{"start":{"line":311,"column":12},"end":{"line":311,"column":18},"skip":true},"74":{"start":{"line":313,"column":8},"end":{"line":313,"column":54},"skip":true},"75":{"start":{"line":314,"column":8},"end":{"line":314,"column":69},"skip":true},"76":{"start":{"line":315,"column":8},"end":{"line":323,"column":36},"skip":true},"77":{"start":{"line":316,"column":12},"end":{"line":316,"column":61},"skip":true},"78":{"start":{"line":317,"column":12},"end":{"line":320,"column":13},"skip":true},"79":{"start":{"line":318,"column":16},"end":{"line":318,"column":75},"skip":true},"80":{"start":{"line":319,"column":16},"end":{"line":319,"column":23},"skip":true},"81":{"start":{"line":321,"column":12},"end":{"line":321,"column":38},"skip":true},"82":{"start":{"line":322,"column":12},"end":{"line":322,"column":27},"skip":true},"83":{"start":{"line":324,"column":8},"end":{"line":324,"column":14},"skip":true}},"branchMap":{"1":{"line":39,"type":"binary-expr","locations":[{"start":{"line":39,"column":23},"end":{"line":39,"column":62}},{"start":{"line":40,"column":20},"end":{"line":40,"column":70}},{"start":{"line":41,"column":20},"end":{"line":41,"column":71}},{"start":{"line":42,"column":20},"end":{"line":42,"column":29}}]},"2":{"line":44,"type":"binary-expr","locations":[{"start":{"line":44,"column":23},"end":{"line":44,"column":37}},{"start":{"line":45,"column":20},"end":{"line":45,"column":61}},{"start":{"line":46,"column":20},"end":{"line":46,"column":70}},{"start":{"line":47,"column":20},"end":{"line":47,"column":26}}]},"3":{"line":51,"type":"cond-expr","locations":[{"start":{"line":52,"column":14},"end":{"line":52,"column":20}},{"start":{"line":53,"column":14},"end":{"line":53,"column":20}}]},"4":{"line":55,"type":"binary-expr","locations":[{"start":{"line":55,"column":16},"end":{"line":55,"column":44}},{"start":{"line":55,"column":49},"end":{"line":57,"column":43}}]},"5":{"line":55,"type":"cond-expr","locations":[{"start":{"line":56,"column":14},"end":{"line":56,"column":49}},{"start":{"line":57,"column":14},"end":{"line":57,"column":43}}]},"6":{"line":61,"type":"switch","locations":[{"start":{"line":68,"column":4},"end":{"line":150,"column":14},"skip":true},{"start":{"line":156,"column":4},"end":{"line":324,"column":14},"skip":true}]},"7":{"line":70,"type":"if","locations":[{"start":{"line":70,"column":12},"end":{"line":70,"column":12},"skip":true},{"start":{"line":70,"column":12},"end":{"line":70,"column":12},"skip":true}]},"8":{"line":70,"type":"binary-expr","locations":[{"start":{"line":70,"column":16},"end":{"line":70,"column":22},"skip":true},{"start":{"line":70,"column":27},"end":{"line":70,"column":32},"skip":true},{"start":{"line":71,"column":20},"end":{"line":71,"column":39},"skip":true},{"start":{"line":72,"column":20},"end":{"line":72,"column":49},"skip":true},{"start":{"line":73,"column":20},"end":{"line":73,"column":58},"skip":true},{"start":{"line":74,"column":20},"end":{"line":74,"column":69},"skip":true}]},"9":{"line":79,"type":"switch","locations":[{"start":{"line":80,"column":20},"end":{"line":80,"column":33},"skip":true},{"start":{"line":81,"column":20},"end":{"line":83,"column":30},"skip":true},{"start":{"line":84,"column":20},"end":{"line":85,"column":49},"skip":true}]},"10":{"line":89,"type":"switch","locations":[{"start":{"line":90,"column":12},"end":{"line":103,"column":22},"skip":true},{"start":{"line":105,"column":12},"end":{"line":106,"column":22},"skip":true}]},"11":{"line":89,"type":"binary-expr","locations":[{"start":{"line":89,"column":20},"end":{"line":89,"column":25},"skip":true},{"start":{"line":89,"column":29},"end":{"line":89,"column":48},"skip":true},{"start":{"line":89,"column":52},"end":{"line":89,"column":74},"skip":true}]},"12":{"line":92,"type":"if","locations":[{"start":{"line":92,"column":16},"end":{"line":92,"column":16},"skip":true},{"start":{"line":92,"column":16},"end":{"line":92,"column":16},"skip":true}]},"13":{"line":108,"type":"if","locations":[{"start":{"line":108,"column":12},"end":{"line":108,"column":12},"skip":true},{"start":{"line":108,"column":12},"end":{"line":108,"column":12},"skip":true}]},"14":{"line":108,"type":"binary-expr","locations":[{"start":{"line":108,"column":16},"end":{"line":108,"column":61},"skip":true},{"start":{"line":108,"column":66},"end":{"line":108,"column":72},"skip":true},{"start":{"line":108,"column":77},"end":{"line":108,"column":82},"skip":true},{"start":{"line":109,"column":20},"end":{"line":109,"column":39},"skip":true},{"start":{"line":110,"column":20},"end":{"line":110,"column":49},"skip":true},{"start":{"line":111,"column":20},"end":{"line":111,"column":58},"skip":true},{"start":{"line":112,"column":20},"end":{"line":112,"column":68},"skip":true}]},"15":{"line":129,"type":"if","locations":[{"start":{"line":129,"column":16},"end":{"line":129,"column":16},"skip":true},{"start":{"line":129,"column":16},"end":{"line":129,"column":16},"skip":true}]},"16":{"line":134,"type":"cond-expr","locations":[{"start":{"line":135,"column":26},"end":{"line":135,"column":29},"skip":true},{"start":{"line":136,"column":26},"end":{"line":136,"column":54},"skip":true}]},"17":{"line":164,"type":"binary-expr","locations":[{"start":{"line":164,"column":27},"end":{"line":164,"column":43},"skip":true},{"start":{"line":164,"column":47},"end":{"line":164,"column":49},"skip":true}]},"18":{"line":258,"type":"if","locations":[{"start":{"line":258,"column":8},"end":{"line":258,"column":8},"skip":true},{"start":{"line":258,"column":8},"end":{"line":258,"column":8},"skip":true}]},"19":{"line":275,"type":"switch","locations":[{"start":{"line":276,"column":20},"end":{"line":277,"column":64},"skip":true},{"start":{"line":278,"column":20},"end":{"line":279,"column":40},"skip":true},{"start":{"line":280,"column":20},"end":{"line":281,"column":40},"skip":true},{"start":{"line":282,"column":20},"end":{"line":283,"column":39},"skip":true}]},"20":{"line":288,"type":"if","locations":[{"start":{"line":288,"column":8},"end":{"line":288,"column":8},"skip":true},{"start":{"line":288,"column":8},"end":{"line":288,"column":8},"skip":true}]},"21":{"line":288,"type":"binary-expr","locations":[{"start":{"line":288,"column":12},"end":{"line":288,"column":40},"skip":true},{"start":{"line":288,"column":44},"end":{"line":288,"column":67},"skip":true}]},"22":{"line":292,"type":"binary-expr","locations":[{"start":{"line":292,"column":12},"end":{"line":292,"column":50},"skip":true},{"start":{"line":293,"column":12},"end":{"line":293,"column":53},"skip":true}]},"23":{"line":297,"type":"binary-expr","locations":[{"start":{"line":297,"column":12},"end":{"line":297,"column":63},"skip":true},{"start":{"line":298,"column":12},"end":{"line":301,"column":36},"skip":true}]},"24":{"line":303,"type":"binary-expr","locations":[{"start":{"line":303,"column":43},"end":{"line":303,"column":75},"skip":true},{"start":{"line":303,"column":79},"end":{"line":303,"column":81},"skip":true}]},"25":{"line":306,"type":"if","locations":[{"start":{"line":306,"column":8},"end":{"line":306,"column":8},"skip":true},{"start":{"line":306,"column":8},"end":{"line":306,"column":8},"skip":true}]},"26":{"line":310,"type":"if","locations":[{"start":{"line":310,"column":8},"end":{"line":310,"column":8},"skip":true},{"start":{"line":310,"column":8},"end":{"line":310,"column":8},"skip":true}]},"27":{"line":313,"type":"binary-expr","locations":[{"start":{"line":313,"column":27},"end":{"line":313,"column":43},"skip":true},{"start":{"line":313,"column":47},"end":{"line":313,"column":53},"skip":true}]},"28":{"line":317,"type":"if","locations":[{"start":{"line":317,"column":12},"end":{"line":317,"column":12},"skip":true},{"start":{"line":317,"column":12},"end":{"line":317,"column":12},"skip":true}]}},"code":["/*","example.js","","quickstart example","","instruction","    1. save this script as example.js","    2. run the shell command:","        $ npm install npmtest-cfenv && PORT=8081 node example.js","    3. play with the browser-demo on http://127.0.0.1:8081","*/","","","","/* istanbul instrument in package npmtest_cfenv */","/*jslint","    bitwise: true,","    browser: true,","    maxerr: 8,","    maxlen: 96,","    node: true,","    nomen: true,","    regexp: true,","    stupid: true","*/","(function () {","    'use strict';","    var local;","","","","    // run shared js-env code - pre-init","    (function () {","        // init local","        local = {};","        // init modeJs","        local.modeJs = (function () {","            try {","                return typeof navigator.userAgent === 'string' &&","                    typeof document.querySelector('body') === 'object' &&","                    typeof XMLHttpRequest.prototype.open === 'function' &&","                    'browser';","            } catch (errorCaughtBrowser) {","                return module.exports &&","                    typeof process.versions.node === 'string' &&","                    typeof require('http').createServer === 'function' &&","                    'node';","            }","        }());","        // init global","        local.global = local.modeJs === 'browser'","            ? window","            : global;","        // init utility2_rollup","        local = local.global.utility2_rollup || (local.modeJs === 'browser'","            ? local.global.utility2_npmtest_cfenv","            : global.utility2_moduleExports);","        // export local","        local.global.local = local;","    }());","    switch (local.modeJs) {","","","","    // post-init","    // run browser js-env code - post-init","    /* istanbul ignore next */","    case 'browser':","        local.testRunBrowser = function (event) {","            if (!event || (event &&","                    event.currentTarget &&","                    event.currentTarget.className &&","                    event.currentTarget.className.includes &&","                    event.currentTarget.className.includes('onreset'))) {","                // reset output","                Array.from(","                    document.querySelectorAll('body > .resettable')","                ).forEach(function (element) {","                    switch (element.tagName) {","                    case 'INPUT':","                    case 'TEXTAREA':","                        element.value = '';","                        break;","                    default:","                        element.textContent = '';","                    }","                });","            }","            switch (event && event.currentTarget && event.currentTarget.id) {","            case 'testRunButton1':","                // show tests","                if (document.querySelector('#testReportDiv1').style.display === 'none') {","                    document.querySelector('#testReportDiv1').style.display = 'block';","                    document.querySelector('#testRunButton1').textContent =","                        'hide internal test';","                    local.modeTest = true;","                    local.testRunDefault(local);","                // hide tests","                } else {","                    document.querySelector('#testReportDiv1').style.display = 'none';","                    document.querySelector('#testRunButton1').textContent = 'run internal test';","                }","                break;","            // custom-case","            default:","                break;","            }","            if (document.querySelector('#inputTextareaEval1') && (!event || (event &&","                    event.currentTarget &&","                    event.currentTarget.className &&","                    event.currentTarget.className.includes &&","                    event.currentTarget.className.includes('oneval')))) {","                // try to eval input-code","                try {","                    /*jslint evil: true*/","                    eval(document.querySelector('#inputTextareaEval1').value);","                } catch (errorCaught) {","                    console.error(errorCaught);","                }","            }","        };","        // log stderr and stdout to #outputTextareaStdout1","        ['error', 'log'].forEach(function (key) {","            console[key + '_original'] = console[key];","            console[key] = function () {","                var element;","                console[key + '_original'].apply(console, arguments);","                element = document.querySelector('#outputTextareaStdout1');","                if (!element) {","                    return;","                }","                // append text to #outputTextareaStdout1","                element.value += Array.from(arguments).map(function (arg) {","                    return typeof arg === 'string'","                        ? arg","                        : JSON.stringify(arg, null, 4);","                }).join(' ') + '\\n';","                // scroll textarea to bottom","                element.scrollTop = element.scrollHeight;","            };","        });","        // init event-handling","        ['change', 'click', 'keyup'].forEach(function (event) {","            Array.from(document.querySelectorAll('.on' + event)).forEach(function (element) {","                element.addEventListener(event, local.testRunBrowser);","            });","        });","        // run tests","        local.testRunBrowser();","        break;","","","","    // run node js-env code - post-init","    /* istanbul ignore next */","    case 'node':","        // export local","        module.exports = local;","        // require modules","        local.fs = require('fs');","        local.http = require('http');","        local.url = require('url');","        // init assets","        local.assetsDict = local.assetsDict || {};","        /* jslint-ignore-begin */","        local.assetsDict['/assets.index.template.html'] = '\\","<!doctype html>\\n\\","<html lang=\"en\">\\n\\","<head>\\n\\","<meta charset=\"UTF-8\">\\n\\","<meta name=\"viewport\" content=\"width=device-width, initial-scale=1\">\\n\\","<title>{{env.npm_package_name}} (v{{env.npm_package_version}})</title>\\n\\","<style>\\n\\","/*csslint\\n\\","    box-sizing: false,\\n\\","    universal-selector: false\\n\\","*/\\n\\","* {\\n\\","    box-sizing: border-box;\\n\\","}\\n\\","body {\\n\\","    background: #dde;\\n\\","    font-family: Arial, Helvetica, sans-serif;\\n\\","    margin: 2rem;\\n\\","}\\n\\","body > * {\\n\\","    margin-bottom: 1rem;\\n\\","}\\n\\",".utility2FooterDiv {\\n\\","    margin-top: 20px;\\n\\","    text-align: center;\\n\\","}\\n\\","</style>\\n\\","<style>\\n\\","/*csslint\\n\\","*/\\n\\","textarea {\\n\\","    font-family: monospace;\\n\\","    height: 10rem;\\n\\","    width: 100%;\\n\\","}\\n\\","textarea[readonly] {\\n\\","    background: #ddd;\\n\\","}\\n\\","</style>\\n\\","</head>\\n\\","<body>\\n\\","<!-- utility2-comment\\n\\","<div id=\"ajaxProgressDiv1\" style=\"background: #d00; height: 2px; left: 0; margin: 0; padding: 0; position: fixed; top: 0; transition: background 0.5s, width 1.5s; width: 25%;\"></div>\\n\\","utility2-comment -->\\n\\","<h1>\\n\\","<!-- utility2-comment\\n\\","    <a\\n\\","        {{#if env.npm_package_homepage}}\\n\\","        href=\"{{env.npm_package_homepage}}\"\\n\\","        {{/if env.npm_package_homepage}}\\n\\","        target=\"_blank\"\\n\\","    >\\n\\","utility2-comment -->\\n\\","        {{env.npm_package_name}} (v{{env.npm_package_version}})\\n\\","<!-- utility2-comment\\n\\","    </a>\\n\\","utility2-comment -->\\n\\","</h1>\\n\\","<h3>{{env.npm_package_description}}</h3>\\n\\","<!-- utility2-comment\\n\\","<h4><a download href=\"assets.app.js\">download standalone app</a></h4>\\n\\","<button class=\"onclick onreset\" id=\"testRunButton1\">run internal test</button><br>\\n\\","<div id=\"testReportDiv1\" style=\"display: none;\"></div>\\n\\","utility2-comment -->\\n\\","\\n\\","\\n\\","\\n\\","<label>stderr and stdout</label>\\n\\","<textarea class=\"resettable\" id=\"outputTextareaStdout1\" readonly></textarea>\\n\\","<!-- utility2-comment\\n\\","{{#if isRollup}}\\n\\","<script src=\"assets.app.js\"></script>\\n\\","{{#unless isRollup}}\\n\\","utility2-comment -->\\n\\","<script src=\"assets.utility2.rollup.js\"></script>\\n\\","<script src=\"jsonp.utility2._stateInit?callback=window.utility2._stateInit\"></script>\\n\\","<script src=\"assets.npmtest_cfenv.rollup.js\"></script>\\n\\","<script src=\"assets.example.js\"></script>\\n\\","<script src=\"assets.test.js\"></script>\\n\\","<!-- utility2-comment\\n\\","{{/if isRollup}}\\n\\","utility2-comment -->\\n\\","<div class=\"utility2FooterDiv\">\\n\\","    [ this app was created with\\n\\","    <a href=\"https://github.com/kaizhu256/node-utility2\" target=\"_blank\">utility2</a>\\n\\","    ]\\n\\","</div>\\n\\","</body>\\n\\","</html>\\n\\","';","        /* jslint-ignore-end */","        if (local.templateRender) {","            local.assetsDict['/'] = local.templateRender(","                local.assetsDict['/assets.index.template.html'],","                {","                    env: local.objectSetDefault(local.env, {","                        npm_package_description: 'the greatest app in the world!',","                        npm_package_name: 'my-app',","                        npm_package_nameAlias: 'my_app',","                        npm_package_version: '0.0.1'","                    })","                }","            );","        } else {","            local.assetsDict['/'] = local.assetsDict['/assets.index.template.html']","                .replace((/\\{\\{env\\.(\\w+?)\\}\\}/g), function (match0, match1) {","                    // jslint-hack","                    String(match0);","                    switch (match1) {","                    case 'npm_package_description':","                        return 'the greatest app in the world!';","                    case 'npm_package_name':","                        return 'my-app';","                    case 'npm_package_nameAlias':","                        return 'my_app';","                    case 'npm_package_version':","                        return '0.0.1';","                    }","                });","        }","        // run the cli","        if (local.global.utility2_rollup || module !== require.main) {","            break;","        }","        local.assetsDict['/assets.example.js'] =","            local.assetsDict['/assets.example.js'] ||","            local.fs.readFileSync(__filename, 'utf8');","        // bug-workaround - long $npm_package_buildCustomOrg","        /* jslint-ignore-begin */","        local.assetsDict['/assets.npmtest_cfenv.rollup.js'] =","            local.assetsDict['/assets.npmtest_cfenv.rollup.js'] ||","            local.fs.readFileSync(","                local.npmtest_cfenv.__dirname + '/lib.npmtest_cfenv.js',","                'utf8'","            ).replace((/^#!/), '//');","        /* jslint-ignore-end */","        local.assetsDict['/favicon.ico'] = local.assetsDict['/favicon.ico'] || '';","        // if $npm_config_timeout_exit exists,","        // then exit this process after $npm_config_timeout_exit ms","        if (Number(process.env.npm_config_timeout_exit)) {","            setTimeout(process.exit, Number(process.env.npm_config_timeout_exit));","        }","        // start server","        if (local.global.utility2_serverHttp1) {","            break;","        }","        process.env.PORT = process.env.PORT || '8081';","        console.error('server starting on port ' + process.env.PORT);","        local.http.createServer(function (request, response) {","            request.urlParsed = local.url.parse(request.url);","            if (local.assetsDict[request.urlParsed.pathname] !== undefined) {","                response.end(local.assetsDict[request.urlParsed.pathname]);","                return;","            }","            response.statusCode = 404;","            response.end();","        }).listen(process.env.PORT);","        break;","    }","}());",""],"l":{"26":2,"28":2,"33":2,"35":2,"37":2,"38":2,"39":2,"44":1,"51":2,"55":2,"59":2,"61":2,"69":1,"70":2,"76":2,"79":2,"82":2,"83":2,"85":1,"89":2,"92":1,"93":1,"94":1,"96":1,"97":1,"100":1,"101":1,"103":1,"106":1,"108":2,"114":1,"116":1,"118":1,"123":1,"124":2,"125":2,"126":3,"127":3,"128":3,"129":3,"130":1,"133":3,"134":3,"139":3,"143":1,"144":3,"145":1,"149":1,"150":1,"158":1,"160":1,"161":1,"162":1,"164":1,"166":1,"258":1,"259":1,"271":1,"274":6,"275":6,"277":1,"279":2,"281":1,"283":2,"288":1,"289":1,"291":1,"296":1,"303":1,"306":1,"307":1,"310":1,"311":1,"313":1,"314":1,"315":1,"316":1,"317":1,"318":1,"319":1,"321":1,"322":1,"324":1}},"/home/travis/build/npmtest/node-npmtest-cfenv/node_modules/cfenv/lib/cfenv.js":{"path":"/home/travis/build/npmtest/node-npmtest-cfenv/node_modules/cfenv/lib/cfenv.js","s":{"1":1,"2":1,"3":1,"4":1,"5":1,"6":1,"7":1,"8":1,"9":1,"10":1,"11":1,"12":1,"13":1,"14":1,"15":1,"16":1,"17":0,"18":1,"19":1,"20":0,"21":0,"22":0,"23":1,"24":1,"25":1,"26":1,"27":1,"28":1,"29":1,"30":1,"31":1,"32":1,"33":2,"34":2,"35":2,"36":2,"37":0,"38":0,"39":0,"40":0,"41":2,"42":1,"43":1,"44":1,"45":0,"46":0,"47":1,"48":1,"49":0,"50":1,"51":1,"52":0,"53":0,"54":0,"55":1,"56":1,"57":1,"58":1,"59":0,"60":1,"61":1,"62":1,"63":1,"64":0,"65":0,"66":0,"67":0,"68":0,"69":0,"70":0,"71":0,"72":0,"73":0,"74":0,"75":0,"76":0,"77":0,"78":0,"79":0,"80":0,"81":1,"82":0,"83":0,"84":0,"85":0,"86":0,"87":1,"88":1,"89":1,"90":1,"91":1,"92":1,"93":0,"94":0,"95":0,"96":0,"97":1,"98":0,"99":1,"100":1,"101":0,"102":1,"103":1,"104":1,"105":1,"106":1,"107":1,"108":0,"109":0,"110":0,"111":0,"112":1,"113":0,"114":1,"115":1,"116":0,"117":1,"118":1,"119":1,"120":1,"121":1,"122":0,"123":0,"124":0,"125":1,"126":1,"127":0,"128":1,"129":1,"130":1,"131":1,"132":0,"133":1,"134":1,"135":0,"136":1,"137":0,"138":0,"139":0,"140":0,"141":0,"142":0,"143":1,"144":1,"145":1,"146":1,"147":0,"148":1,"149":1,"150":0,"151":1,"152":1,"153":1,"154":1,"155":1,"156":1,"157":1,"158":1,"159":0,"160":0,"161":1,"162":1,"163":1,"164":1,"165":0,"166":1,"167":1,"168":1,"169":1,"170":1,"171":1,"172":1,"173":1,"174":1,"175":0,"176":0,"177":0},"b":{"1":[1,0],"2":[0,1],"3":[0,1],"4":[0,1],"5":[0,0],"6":[0,1],"7":[0,1],"8":[1,0],"9":[0,0],"10":[0,0],"11":[0,0],"12":[0,0],"13":[0,0],"14":[0,0],"15":[0,0],"16":[0,1],"17":[0,1],"18":[1,0],"19":[0,1],"20":[0,1],"21":[0,1],"22":[0,1],"23":[1,0],"24":[0,1],"25":[0,1],"26":[1,0,0],"27":[0,1],"28":[0,0],"29":[0,1],"30":[0,1],"31":[1,0],"32":[0,1],"33":[0,1],"34":[0,0],"35":[0,0],"36":[1,0],"37":[1,0],"38":[1,0],"39":[1,1],"40":[1,0],"41":[1,0],"42":[1,0],"43":[0,0],"44":[1,0],"45":[1,0]},"f":{"1":1,"2":1,"3":1,"4":1,"5":1,"6":2,"7":1,"8":0,"9":0,"10":1,"11":0,"12":1,"13":1,"14":1,"15":1,"16":1,"17":1,"18":1,"19":0},"fnMap":{"1":{"name":"(anonymous_1)","line":2,"loc":{"start":{"line":2,"column":1},"end":{"line":2,"column":12}}},"2":{"name":"(anonymous_2)","line":19,"loc":{"start":{"line":19,"column":20},"end":{"line":19,"column":38}}},"3":{"name":"(anonymous_3)","line":26,"loc":{"start":{"line":26,"column":12},"end":{"line":26,"column":23}}},"4":{"name":"AppEnv","line":27,"loc":{"start":{"line":27,"column":4},"end":{"line":27,"column":29}}},"5":{"name":"(anonymous_5)","line":48,"loc":{"start":{"line":48,"column":30},"end":{"line":48,"column":41}}},"6":{"name":"(anonymous_6)","line":61,"loc":{"start":{"line":61,"column":35},"end":{"line":61,"column":46}}},"7":{"name":"(anonymous_7)","line":75,"loc":{"start":{"line":75,"column":34},"end":{"line":75,"column":49}}},"8":{"name":"(anonymous_8)","line":78,"loc":{"start":{"line":78,"column":18},"end":{"line":78,"column":33}}},"9":{"name":"(anonymous_9)","line":83,"loc":{"start":{"line":83,"column":18},"end":{"line":83,"column":33}}},"10":{"name":"(anonymous_10)","line":97,"loc":{"start":{"line":97,"column":37},"end":{"line":97,"column":66}}},"11":{"name":"(anonymous_11)","line":133,"loc":{"start":{"line":133,"column":39},"end":{"line":133,"column":54}}},"12":{"name":"(anonymous_12)","line":146,"loc":{"start":{"line":146,"column":11},"end":{"line":146,"column":37}}},"13":{"name":"(anonymous_13)","line":168,"loc":{"start":{"line":168,"column":16},"end":{"line":168,"column":42}}},"14":{"name":"(anonymous_14)","line":190,"loc":{"start":{"line":190,"column":12},"end":{"line":190,"column":29}}},"15":{"name":"(anonymous_15)","line":206,"loc":{"start":{"line":206,"column":12},"end":{"line":206,"column":38}}},"16":{"name":"(anonymous_16)","line":241,"loc":{"start":{"line":241,"column":12},"end":{"line":241,"column":29}}},"17":{"name":"(anonymous_17)","line":246,"loc":{"start":{"line":246,"column":12},"end":{"line":246,"column":38}}},"18":{"name":"(anonymous_18)","line":264,"loc":{"start":{"line":264,"column":12},"end":{"line":264,"column":23}}},"19":{"name":"(anonymous_19)","line":276,"loc":{"start":{"line":276,"column":15},"end":{"line":276,"column":33}}}},"statementMap":{"1":{"start":{"line":2,"column":0},"end":{"line":282,"column":14}},"2":{"start":{"line":3,"column":2},"end":{"line":3,"column":119}},"3":{"start":{"line":5,"column":2},"end":{"line":5,"column":21}},"4":{"start":{"line":7,"column":2},"end":{"line":7,"column":23}},"5":{"start":{"line":9,"column":2},"end":{"line":9,"column":35}},"6":{"start":{"line":11,"column":2},"end":{"line":11,"column":28}},"7":{"start":{"line":13,"column":2},"end":{"line":13,"column":27}},"8":{"start":{"line":15,"column":2},"end":{"line":15,"column":28}},"9":{"start":{"line":17,"column":2},"end":{"line":17,"column":18}},"10":{"start":{"line":19,"column":2},"end":{"line":24,"column":4}},"11":{"start":{"line":20,"column":4},"end":{"line":22,"column":5}},"12":{"start":{"line":21,"column":6},"end":{"line":21,"column":19}},"13":{"start":{"line":23,"column":4},"end":{"line":23,"column":31}},"14":{"start":{"line":26,"column":2},"end":{"line":144,"column":7}},"15":{"start":{"line":27,"column":4},"end":{"line":46,"column":5}},"16":{"start":{"line":28,"column":6},"end":{"line":30,"column":7}},"17":{"start":{"line":29,"column":8},"end":{"line":29,"column":21}},"18":{"start":{"line":31,"column":6},"end":{"line":31,"column":58}},"19":{"start":{"line":32,"column":6},"end":{"line":38,"column":7}},"20":{"start":{"line":33,"column":8},"end":{"line":37,"column":9}},"21":{"start":{"line":34,"column":10},"end":{"line":34,"column":51}},"22":{"start":{"line":36,"column":10},"end":{"line":36,"column":30}},"23":{"start":{"line":39,"column":6},"end":{"line":39,"column":39}},"24":{"start":{"line":40,"column":6},"end":{"line":40,"column":49}},"25":{"start":{"line":41,"column":6},"end":{"line":41,"column":41}},"26":{"start":{"line":42,"column":6},"end":{"line":42,"column":32}},"27":{"start":{"line":43,"column":6},"end":{"line":43,"column":32}},"28":{"start":{"line":44,"column":6},"end":{"line":44,"column":41}},"29":{"start":{"line":45,"column":6},"end":{"line":45,"column":30}},"30":{"start":{"line":48,"column":4},"end":{"line":59,"column":6}},"31":{"start":{"line":49,"column":6},"end":{"line":58,"column":8}},"32":{"start":{"line":61,"column":4},"end":{"line":73,"column":6}},"33":{"start":{"line":62,"column":6},"end":{"line":62,"column":55}},"34":{"start":{"line":63,"column":6},"end":{"line":63,"column":18}},"35":{"start":{"line":64,"column":6},"end":{"line":64,"column":26}},"36":{"start":{"line":65,"column":6},"end":{"line":71,"column":7}},"37":{"start":{"line":66,"column":8},"end":{"line":66,"column":29}},"38":{"start":{"line":67,"column":8},"end":{"line":70,"column":9}},"39":{"start":{"line":68,"column":10},"end":{"line":68,"column":32}},"40":{"start":{"line":69,"column":10},"end":{"line":69,"column":41}},"41":{"start":{"line":72,"column":6},"end":{"line":72,"column":20}},"42":{"start":{"line":75,"column":4},"end":{"line":95,"column":6}},"43":{"start":{"line":76,"column":6},"end":{"line":76,"column":43}},"44":{"start":{"line":77,"column":6},"end":{"line":86,"column":7}},"45":{"start":{"line":78,"column":8},"end":{"line":80,"column":10}},"46":{"start":{"line":79,"column":10},"end":{"line":79,"column":34}},"47":{"start":{"line":82,"column":8},"end":{"line":82,"column":25}},"48":{"start":{"line":83,"column":8},"end":{"line":85,"column":10}},"49":{"start":{"line":84,"column":10},"end":{"line":84,"column":31}},"50":{"start":{"line":87,"column":6},"end":{"line":87,"column":36}},"51":{"start":{"line":88,"column":6},"end":{"line":93,"column":7}},"52":{"start":{"line":89,"column":8},"end":{"line":89,"column":33}},"53":{"start":{"line":90,"column":8},"end":{"line":92,"column":9}},"54":{"start":{"line":91,"column":10},"end":{"line":91,"column":25}},"55":{"start":{"line":94,"column":6},"end":{"line":94,"column":18}},"56":{"start":{"line":97,"column":4},"end":{"line":131,"column":6}},"57":{"start":{"line":98,"column":6},"end":{"line":98,"column":72}},"58":{"start":{"line":99,"column":6},"end":{"line":101,"column":7}},"59":{"start":{"line":100,"column":8},"end":{"line":100,"column":26}},"60":{"start":{"line":102,"column":6},"end":{"line":102,"column":38}},"61":{"start":{"line":103,"column":6},"end":{"line":103,"column":67}},"62":{"start":{"line":104,"column":6},"end":{"line":106,"column":7}},"63":{"start":{"line":105,"column":8},"end":{"line":105,"column":20}},"64":{"start":{"line":107,"column":6},"end":{"line":107,"column":43}},"65":{"start":{"line":108,"column":6},"end":{"line":112,"column":7}},"66":{"start":{"line":109,"column":8},"end":{"line":109,"column":44}},"67":{"start":{"line":111,"column":8},"end":{"line":111,"column":49}},"68":{"start":{"line":113,"column":6},"end":{"line":115,"column":7}},"69":{"start":{"line":114,"column":8},"end":{"line":114,"column":20}},"70":{"start":{"line":116,"column":6},"end":{"line":116,"column":30}},"71":{"start":{"line":117,"column":6},"end":{"line":119,"column":7}},"72":{"start":{"line":118,"column":8},"end":{"line":118,"column":19}},"73":{"start":{"line":120,"column":6},"end":{"line":120,"column":28}},"74":{"start":{"line":121,"column":6},"end":{"line":129,"column":7}},"75":{"start":{"line":122,"column":8},"end":{"line":122,"column":34}},"76":{"start":{"line":123,"column":8},"end":{"line":128,"column":9}},"77":{"start":{"line":124,"column":10},"end":{"line":124,"column":49}},"78":{"start":{"line":125,"column":10},"end":{"line":125,"column":72}},"79":{"start":{"line":127,"column":10},"end":{"line":127,"column":41}},"80":{"start":{"line":130,"column":6},"end":{"line":130,"column":30}},"81":{"start":{"line":133,"column":4},"end":{"line":140,"column":6}},"82":{"start":{"line":134,"column":6},"end":{"line":134,"column":18}},"83":{"start":{"line":135,"column":6},"end":{"line":135,"column":38}},"84":{"start":{"line":136,"column":6},"end":{"line":138,"column":7}},"85":{"start":{"line":137,"column":8},"end":{"line":137,"column":20}},"86":{"start":{"line":139,"column":6},"end":{"line":139,"column":39}},"87":{"start":{"line":142,"column":4},"end":{"line":142,"column":18}},"88":{"start":{"line":146,"column":2},"end":{"line":166,"column":4}},"89":{"start":{"line":147,"column":4},"end":{"line":147,"column":43}},"90":{"start":{"line":148,"column":4},"end":{"line":148,"column":42}},"91":{"start":{"line":149,"column":4},"end":{"line":149,"column":18}},"92":{"start":{"line":150,"column":4},"end":{"line":157,"column":5}},"93":{"start":{"line":151,"column":6},"end":{"line":156,"column":7}},"94":{"start":{"line":152,"column":8},"end":{"line":152,"column":38}},"95":{"start":{"line":154,"column":8},"end":{"line":154,"column":18}},"96":{"start":{"line":155,"column":8},"end":{"line":155,"column":77}},"97":{"start":{"line":158,"column":4},"end":{"line":160,"column":5}},"98":{"start":{"line":159,"column":6},"end":{"line":159,"column":22}},"99":{"start":{"line":161,"column":4},"end":{"line":161,"column":98}},"100":{"start":{"line":162,"column":4},"end":{"line":164,"column":5}},"101":{"start":{"line":163,"column":6},"end":{"line":163,"column":22}},"102":{"start":{"line":165,"column":4},"end":{"line":165,"column":20}},"103":{"start":{"line":168,"column":2},"end":{"line":188,"column":4}},"104":{"start":{"line":169,"column":4},"end":{"line":169,"column":43}},"105":{"start":{"line":170,"column":4},"end":{"line":170,"column":39}},"106":{"start":{"line":171,"column":4},"end":{"line":171,"column":18}},"107":{"start":{"line":172,"column":4},"end":{"line":179,"column":5}},"108":{"start":{"line":173,"column":6},"end":{"line":178,"column":7}},"109":{"start":{"line":174,"column":8},"end":{"line":174,"column":38}},"110":{"start":{"line":176,"column":8},"end":{"line":176,"column":18}},"111":{"start":{"line":177,"column":8},"end":{"line":177,"column":74}},"112":{"start":{"line":180,"column":4},"end":{"line":182,"column":5}},"113":{"start":{"line":181,"column":6},"end":{"line":181,"column":22}},"114":{"start":{"line":183,"column":4},"end":{"line":183,"column":95}},"115":{"start":{"line":184,"column":4},"end":{"line":186,"column":5}},"116":{"start":{"line":185,"column":6},"end":{"line":185,"column":22}},"117":{"start":{"line":187,"column":4},"end":{"line":187,"column":20}},"118":{"start":{"line":190,"column":2},"end":{"line":204,"column":4}},"119":{"start":{"line":191,"column":4},"end":{"line":191,"column":25}},"120":{"start":{"line":192,"column":4},"end":{"line":192,"column":95}},"121":{"start":{"line":193,"column":4},"end":{"line":198,"column":5}},"122":{"start":{"line":194,"column":6},"end":{"line":196,"column":7}},"123":{"start":{"line":195,"column":8},"end":{"line":195,"column":20}},"124":{"start":{"line":197,"column":6},"end":{"line":197,"column":53}},"125":{"start":{"line":199,"column":4},"end":{"line":199,"column":36}},"126":{"start":{"line":200,"column":4},"end":{"line":202,"column":5}},"127":{"start":{"line":201,"column":6},"end":{"line":201,"column":61}},"128":{"start":{"line":203,"column":4},"end":{"line":203,"column":16}},"129":{"start":{"line":206,"column":2},"end":{"line":239,"column":4}},"130":{"start":{"line":207,"column":4},"end":{"line":207,"column":53}},"131":{"start":{"line":208,"column":4},"end":{"line":210,"column":5}},"132":{"start":{"line":209,"column":6},"end":{"line":209,"column":26}},"133":{"start":{"line":211,"column":4},"end":{"line":211,"column":57}},"134":{"start":{"line":212,"column":4},"end":{"line":214,"column":5}},"135":{"start":{"line":213,"column":6},"end":{"line":213,"column":17}},"136":{"start":{"line":215,"column":4},"end":{"line":226,"column":5}},"137":{"start":{"line":216,"column":6},"end":{"line":216,"column":56}},"138":{"start":{"line":217,"column":6},"end":{"line":219,"column":9}},"139":{"start":{"line":220,"column":6},"end":{"line":222,"column":7}},"140":{"start":{"line":221,"column":8},"end":{"line":221,"column":42}},"141":{"start":{"line":223,"column":6},"end":{"line":225,"column":7}},"142":{"start":{"line":224,"column":8},"end":{"line":224,"column":28}},"143":{"start":{"line":227,"column":4},"end":{"line":237,"column":5}},"144":{"start":{"line":228,"column":6},"end":{"line":228,"column":56}},"145":{"start":{"line":229,"column":6},"end":{"line":233,"column":7}},"146":{"start":{"line":230,"column":8},"end":{"line":230,"column":38}},"147":{"start":{"line":232,"column":8},"end":{"line":232,"column":23}},"148":{"start":{"line":234,"column":6},"end":{"line":236,"column":7}},"149":{"start":{"line":235,"column":8},"end":{"line":235,"column":28}},"150":{"start":{"line":238,"column":4},"end":{"line":238,"column":16}},"151":{"start":{"line":241,"column":2},"end":{"line":244,"column":4}},"152":{"start":{"line":242,"column":4},"end":{"line":242,"column":12}},"153":{"start":{"line":243,"column":4},"end":{"line":243,"column":75}},"154":{"start":{"line":246,"column":2},"end":{"line":274,"column":4}},"155":{"start":{"line":247,"column":4},"end":{"line":247,"column":39}},"156":{"start":{"line":248,"column":4},"end":{"line":248,"column":58}},"157":{"start":{"line":249,"column":4},"end":{"line":255,"column":5}},"158":{"start":{"line":250,"column":6},"end":{"line":250,"column":42}},"159":{"start":{"line":252,"column":6},"end":{"line":254,"column":7}},"160":{"start":{"line":253,"column":8},"end":{"line":253,"column":29}},"161":{"start":{"line":256,"column":4},"end":{"line":256,"column":32}},"162":{"start":{"line":257,"column":4},"end":{"line":263,"column":5}},"163":{"start":{"line":258,"column":6},"end":{"line":262,"column":7}},"164":{"start":{"line":259,"column":8},"end":{"line":259,"column":27}},"165":{"start":{"line":261,"column":8},"end":{"line":261,"column":28}},"166":{"start":{"line":264,"column":4},"end":{"line":272,"column":9}},"167":{"start":{"line":265,"column":6},"end":{"line":265,"column":26}},"168":{"start":{"line":266,"column":6},"end":{"line":266,"column":19}},"169":{"start":{"line":267,"column":6},"end":{"line":270,"column":7}},"170":{"start":{"line":268,"column":8},"end":{"line":268,"column":22}},"171":{"start":{"line":269,"column":8},"end":{"line":269,"column":44}},"172":{"start":{"line":271,"column":6},"end":{"line":271,"column":21}},"173":{"start":{"line":273,"column":4},"end":{"line":273,"column":16}},"174":{"start":{"line":276,"column":2},"end":{"line":280,"column":4}},"175":{"start":{"line":277,"column":4},"end":{"line":277,"column":40}},"176":{"start":{"line":278,"column":4},"end":{"line":278,"column":37}},"177":{"start":{"line":279,"column":4},"end":{"line":279,"column":29}}},"branchMap":{"1":{"line":20,"type":"if","locations":[{"start":{"line":20,"column":4},"end":{"line":20,"column":4}},{"start":{"line":20,"column":4},"end":{"line":20,"column":4}}]},"2":{"line":28,"type":"if","locations":[{"start":{"line":28,"column":6},"end":{"line":28,"column":6}},{"start":{"line":28,"column":6},"end":{"line":28,"column":6}}]},"3":{"line":32,"type":"if","locations":[{"start":{"line":32,"column":6},"end":{"line":32,"column":6}},{"start":{"line":32,"column":6},"end":{"line":32,"column":6}}]},"4":{"line":77,"type":"if","locations":[{"start":{"line":77,"column":6},"end":{"line":77,"column":6}},{"start":{"line":77,"column":6},"end":{"line":77,"column":6}}]},"5":{"line":90,"type":"if","locations":[{"start":{"line":90,"column":8},"end":{"line":90,"column":8}},{"start":{"line":90,"column":8},"end":{"line":90,"column":8}}]},"6":{"line":99,"type":"if","locations":[{"start":{"line":99,"column":6},"end":{"line":99,"column":6}},{"start":{"line":99,"column":6},"end":{"line":99,"column":6}}]},"7":{"line":103,"type":"cond-expr","locations":[{"start":{"line":103,"column":38},"end":{"line":103,"column":57}},{"start":{"line":103,"column":60},"end":{"line":103,"column":66}}]},"8":{"line":104,"type":"if","locations":[{"start":{"line":104,"column":6},"end":{"line":104,"column":6}},{"start":{"line":104,"column":6},"end":{"line":104,"column":6}}]},"9":{"line":108,"type":"if","locations":[{"start":{"line":108,"column":6},"end":{"line":108,"column":6}},{"start":{"line":108,"column":6},"end":{"line":108,"column":6}}]},"10":{"line":111,"type":"binary-expr","locations":[{"start":{"line":111,"column":14},"end":{"line":111,"column":29}},{"start":{"line":111,"column":33},"end":{"line":111,"column":48}}]},"11":{"line":113,"type":"if","locations":[{"start":{"line":113,"column":6},"end":{"line":113,"column":6}},{"start":{"line":113,"column":6},"end":{"line":113,"column":6}}]},"12":{"line":117,"type":"if","locations":[{"start":{"line":117,"column":6},"end":{"line":117,"column":6}},{"start":{"line":117,"column":6},"end":{"line":117,"column":6}}]},"13":{"line":123,"type":"if","locations":[{"start":{"line":123,"column":8},"end":{"line":123,"column":8}},{"start":{"line":123,"column":8},"end":{"line":123,"column":8}}]},"14":{"line":136,"type":"if","locations":[{"start":{"line":136,"column":6},"end":{"line":136,"column":6}},{"start":{"line":136,"column":6},"end":{"line":136,"column":6}}]},"15":{"line":139,"type":"binary-expr","locations":[{"start":{"line":139,"column":13},"end":{"line":139,"column":32}},{"start":{"line":139,"column":36},"end":{"line":139,"column":38}}]},"16":{"line":150,"type":"if","locations":[{"start":{"line":150,"column":4},"end":{"line":150,"column":4}},{"start":{"line":150,"column":4},"end":{"line":150,"column":4}}]},"17":{"line":158,"type":"if","locations":[{"start":{"line":158,"column":4},"end":{"line":158,"column":4}},{"start":{"line":158,"column":4},"end":{"line":158,"column":4}}]},"18":{"line":161,"type":"cond-expr","locations":[{"start":{"line":161,"column":33},"end":{"line":161,"column":88}},{"start":{"line":161,"column":91},"end":{"line":161,"column":97}}]},"19":{"line":161,"type":"cond-expr","locations":[{"start":{"line":161,"column":64},"end":{"line":161,"column":79}},{"start":{"line":161,"column":82},"end":{"line":161,"column":88}}]},"20":{"line":162,"type":"if","locations":[{"start":{"line":162,"column":4},"end":{"line":162,"column":4}},{"start":{"line":162,"column":4},"end":{"line":162,"column":4}}]},"21":{"line":172,"type":"if","locations":[{"start":{"line":172,"column":4},"end":{"line":172,"column":4}},{"start":{"line":172,"column":4},"end":{"line":172,"column":4}}]},"22":{"line":180,"type":"if","locations":[{"start":{"line":180,"column":4},"end":{"line":180,"column":4}},{"start":{"line":180,"column":4},"end":{"line":180,"column":4}}]},"23":{"line":183,"type":"cond-expr","locations":[{"start":{"line":183,"column":33},"end":{"line":183,"column":85}},{"start":{"line":183,"column":88},"end":{"line":183,"column":94}}]},"24":{"line":183,"type":"cond-expr","locations":[{"start":{"line":183,"column":64},"end":{"line":183,"column":76}},{"start":{"line":183,"column":79},"end":{"line":183,"column":85}}]},"25":{"line":184,"type":"if","locations":[{"start":{"line":184,"column":4},"end":{"line":184,"column":4}},{"start":{"line":184,"column":4},"end":{"line":184,"column":4}}]},"26":{"line":192,"type":"binary-expr","locations":[{"start":{"line":192,"column":17},"end":{"line":192,"column":33}},{"start":{"line":192,"column":37},"end":{"line":192,"column":65}},{"start":{"line":192,"column":69},"end":{"line":192,"column":94}}]},"27":{"line":193,"type":"if","locations":[{"start":{"line":193,"column":4},"end":{"line":193,"column":4}},{"start":{"line":193,"column":4},"end":{"line":193,"column":4}}]},"28":{"line":194,"type":"if","locations":[{"start":{"line":194,"column":6},"end":{"line":194,"column":6}},{"start":{"line":194,"column":6},"end":{"line":194,"column":6}}]},"29":{"line":200,"type":"if","locations":[{"start":{"line":200,"column":4},"end":{"line":200,"column":4}},{"start":{"line":200,"column":4},"end":{"line":200,"column":4}}]},"30":{"line":208,"type":"if","locations":[{"start":{"line":208,"column":4},"end":{"line":208,"column":4}},{"start":{"line":208,"column":4},"end":{"line":208,"column":4}}]},"31":{"line":211,"type":"cond-expr","locations":[{"start":{"line":211,"column":39},"end":{"line":211,"column":47}},{"start":{"line":211,"column":50},"end":{"line":211,"column":56}}]},"32":{"line":212,"type":"if","locations":[{"start":{"line":212,"column":4},"end":{"line":212,"column":4}},{"start":{"line":212,"column":4},"end":{"line":212,"column":4}}]},"33":{"line":215,"type":"if","locations":[{"start":{"line":215,"column":4},"end":{"line":215,"column":4}},{"start":{"line":215,"column":4},"end":{"line":215,"column":4}}]},"34":{"line":220,"type":"if","locations":[{"start":{"line":220,"column":6},"end":{"line":220,"column":6}},{"start":{"line":220,"column":6},"end":{"line":220,"column":6}}]},"35":{"line":223,"type":"if","locations":[{"start":{"line":223,"column":6},"end":{"line":223,"column":6}},{"start":{"line":223,"column":6},"end":{"line":223,"column":6}}]},"36":{"line":227,"type":"if","locations":[{"start":{"line":227,"column":4},"end":{"line":227,"column":4}},{"start":{"line":227,"column":4},"end":{"line":227,"column":4}}]},"37":{"line":234,"type":"if","locations":[{"start":{"line":234,"column":6},"end":{"line":234,"column":6}},{"start":{"line":234,"column":6},"end":{"line":234,"column":6}}]},"38":{"line":234,"type":"cond-expr","locations":[{"start":{"line":234,"column":28},"end":{"line":234,"column":40}},{"start":{"line":234,"column":43},"end":{"line":234,"column":49}}]},"39":{"line":243,"type":"binary-expr","locations":[{"start":{"line":243,"column":12},"end":{"line":243,"column":58}},{"start":{"line":243,"column":63},"end":{"line":243,"column":74}}]},"40":{"line":243,"type":"cond-expr","locations":[{"start":{"line":243,"column":41},"end":{"line":243,"column":49}},{"start":{"line":243,"column":52},"end":{"line":243,"column":58}}]},"41":{"line":248,"type":"cond-expr","locations":[{"start":{"line":248,"column":40},"end":{"line":248,"column":48}},{"start":{"line":248,"column":51},"end":{"line":248,"column":57}}]},"42":{"line":249,"type":"if","locations":[{"start":{"line":249,"column":4},"end":{"line":249,"column":4}},{"start":{"line":249,"column":4},"end":{"line":249,"column":4}}]},"43":{"line":252,"type":"if","locations":[{"start":{"line":252,"column":6},"end":{"line":252,"column":6}},{"start":{"line":252,"column":6},"end":{"line":252,"column":6}}]},"44":{"line":257,"type":"if","locations":[{"start":{"line":257,"column":4},"end":{"line":257,"column":4}},{"start":{"line":257,"column":4},"end":{"line":257,"column":4}}]},"45":{"line":258,"type":"if","locations":[{"start":{"line":258,"column":6},"end":{"line":258,"column":6}},{"start":{"line":258,"column":6},"end":{"line":258,"column":6}}]}},"code":["// Generated by CoffeeScript 1.12.2","(function() {","  var AppEnv, URL, _, cfenv, fs, getApp, getBind, getName, getPort, getServices, getURLs, pkg, ports, throwError, yaml;","","  fs = require(\"fs\");","","  URL = require(\"url\");","","  pkg = require(\"../package.json\");","","  _ = require(\"underscore\");","","  ports = require(\"ports\");","","  yaml = require(\"js-yaml\");","","  cfenv = exports;","","  cfenv.getAppEnv = function(options) {","    if (options == null) {","      options = {};","    }","    return new AppEnv(options);","  };","","  AppEnv = (function() {","    function AppEnv(options) {","      if (options == null) {","        options = {};","      }","      this.isLocal = process.env.VCAP_APPLICATION == null;","      if (!this.isLocal) {","        try {","          JSON.parse(process.env.VCAP_APPLICATION);","        } catch (error) {","          this.isLocal = true;","        }","      }","      this.app = getApp(this, options);","      this.services = getServices(this, options);","      this.name = getName(this, options);","      this.port = getPort(this);","      this.bind = getBind(this);","      this.urls = getURLs(this, options);","      this.url = this.urls[0];","    }","","    AppEnv.prototype.toJSON = function() {","      return {","        app: this.app,","        services: this.services,","        isLocal: this.isLocal,","        name: this.name,","        port: this.port,","        bind: this.bind,","        urls: this.urls,","        url: this.url","      };","    };","","    AppEnv.prototype.getServices = function() {","      var i, len, ref, result, service, services, type;","      result = {};","      ref = this.services;","      for (type in ref) {","        services = ref[type];","        for (i = 0, len = services.length; i < len; i++) {","          service = services[i];","          result[service.name] = service;","        }","      }","      return result;","    };","","    AppEnv.prototype.getService = function(spec) {","      var matches, name, service, services;","      if (_.isRegExp(spec)) {","        matches = function(name) {","          return name.match(spec);","        };","      } else {","        spec = \"\" + spec;","        matches = function(name) {","          return name === spec;","        };","      }","      services = this.getServices();","      for (name in services) {","        service = services[name];","        if (matches(name)) {","          return service;","        }","      }","      return null;","    };","","    AppEnv.prototype.getServiceURL = function(spec, replacements) {","      var credentials, key, password, purl, service, url, userid, value;","      if (replacements == null) {","        replacements = {};","      }","      service = this.getService(spec);","      credentials = service != null ? service.credentials : void 0;","      if (credentials == null) {","        return null;","      }","      replacements = _.clone(replacements);","      if (replacements.url) {","        url = credentials[replacements.url];","      } else {","        url = credentials.url || credentials.uri;","      }","      if (url == null) {","        return null;","      }","      delete replacements.url;","      if (_.isEmpty(replacements)) {","        return url;","      }","      purl = URL.parse(url);","      for (key in replacements) {","        value = replacements[key];","        if (key === \"auth\") {","          userid = value[0], password = value[1];","          purl[key] = credentials[userid] + \":\" + credentials[password];","        } else {","          purl[key] = credentials[value];","        }","      }","      return URL.format(purl);","    };","","    AppEnv.prototype.getServiceCreds = function(spec) {","      var service;","      service = this.getService(spec);","      if (service == null) {","        return null;","      }","      return service.credentials || {};","    };","","    return AppEnv;","","  })();","","  getApp = function(appEnv, options) {","    var e, envValue, locValue, ref, string;","    string = process.env.VCAP_APPLICATION;","    envValue = {};","    if (string != null) {","      try {","        envValue = JSON.parse(string);","      } catch (error) {","        e = error;","        throwError(\"env var VCAP_APPLICATION is not JSON: /\" + string + \"/\");","      }","    }","    if (!appEnv.isLocal) {","      return envValue;","    }","    locValue = options != null ? (ref = options.vcap) != null ? ref.application : void 0 : void 0;","    if (locValue != null) {","      return locValue;","    }","    return envValue;","  };","","  getServices = function(appEnv, options) {","    var e, envValue, locValue, ref, string;","    string = process.env.VCAP_SERVICES;","    envValue = {};","    if (string != null) {","      try {","        envValue = JSON.parse(string);","      } catch (error) {","        e = error;","        throwError(\"env var VCAP_SERVICES is not JSON: /\" + string + \"/\");","      }","    }","    if (!appEnv.isLocal) {","      return envValue;","    }","    locValue = options != null ? (ref = options.vcap) != null ? ref.services : void 0 : void 0;","    if (locValue != null) {","      return locValue;","    }","    return envValue;","  };","","  getPort = function(appEnv) {","    var port, portString;","    portString = process.env.PORT || process.env.CF_INSTANCE_PORT || process.env.VCAP_APP_PORT;","    if (portString == null) {","      if (appEnv.name == null) {","        return 3000;","      }","      portString = \"\" + (ports.getPort(appEnv.name));","    }","    port = parseInt(portString, 10);","    if (isNaN(port)) {","      throwError(\"invalid PORT value: /\" + portString + \"/\");","    }","    return port;","  };","","  getName = function(appEnv, options) {","    var pObject, pString, ref, val, yObject, yString;","    if (options.name != null) {","      return options.name;","    }","    val = (ref = appEnv.app) != null ? ref.name : void 0;","    if (val != null) {","      return val;","    }","    if (fs.existsSync(\"manifest.yml\")) {","      yString = fs.readFileSync(\"manifest.yml\", \"utf8\");","      yObject = yaml.safeLoad(yString, {","        filename: \"manifest.yml\"","      });","      if (yObject.applications != null) {","        yObject = yObject.applications[0];","      }","      if (yObject.name != null) {","        return yObject.name;","      }","    }","    if (fs.existsSync(\"package.json\")) {","      pString = fs.readFileSync(\"package.json\", \"utf8\");","      try {","        pObject = JSON.parse(pString);","      } catch (error) {","        pObject = null;","      }","      if (pObject != null ? pObject.name : void 0) {","        return pObject.name;","      }","    }","    return null;","  };","","  getBind = function(appEnv) {","    var ref;","    return ((ref = appEnv.app) != null ? ref.host : void 0) || \"localhost\";","  };","","  getURLs = function(appEnv, options) {","    var protocol, ref, uri, uris, urls;","    uris = (ref = appEnv.app) != null ? ref.uris : void 0;","    if (appEnv.isLocal) {","      uris = [\"localhost:\" + appEnv.port];","    } else {","      if (uris == null) {","        uris = [\"localhost\"];","      }","    }","    protocol = options.protocol;","    if (protocol == null) {","      if (appEnv.isLocal) {","        protocol = \"http:\";","      } else {","        protocol = \"https:\";","      }","    }","    urls = (function() {","      var i, len, results;","      results = [];","      for (i = 0, len = uris.length; i < len; i++) {","        uri = uris[i];","        results.push(protocol + \"//\" + uri);","      }","      return results;","    })();","    return urls;","  };","","  throwError = function(message) {","    message = pkg.name + \": \" + message;","    console.log(\"error: \" + message);","    throw new Error(message);","  };","","}).call(this);",""],"l":{"2":1,"3":1,"5":1,"7":1,"9":1,"11":1,"13":1,"15":1,"17":1,"19":1,"20":1,"21":1,"23":1,"26":1,"27":1,"28":1,"29":0,"31":1,"32":1,"33":0,"34":0,"36":0,"39":1,"40":1,"41":1,"42":1,"43":1,"44":1,"45":1,"48":1,"49":1,"61":1,"62":2,"63":2,"64":2,"65":2,"66":0,"67":0,"68":0,"69":0,"72":2,"75":1,"76":1,"77":1,"78":0,"79":0,"82":1,"83":1,"84":0,"87":1,"88":1,"89":0,"90":0,"91":0,"94":1,"97":1,"98":1,"99":1,"100":0,"102":1,"103":1,"104":1,"105":1,"107":0,"108":0,"109":0,"111":0,"113":0,"114":0,"116":0,"117":0,"118":0,"120":0,"121":0,"122":0,"123":0,"124":0,"125":0,"127":0,"130":0,"133":1,"134":0,"135":0,"136":0,"137":0,"139":0,"142":1,"146":1,"147":1,"148":1,"149":1,"150":1,"151":0,"152":0,"154":0,"155":0,"158":1,"159":0,"161":1,"162":1,"163":0,"165":1,"168":1,"169":1,"170":1,"171":1,"172":1,"173":0,"174":0,"176":0,"177":0,"180":1,"181":0,"183":1,"184":1,"185":0,"187":1,"190":1,"191":1,"192":1,"193":1,"194":0,"195":0,"197":0,"199":1,"200":1,"201":0,"203":1,"206":1,"207":1,"208":1,"209":0,"211":1,"212":1,"213":0,"215":1,"216":0,"217":0,"220":0,"221":0,"223":0,"224":0,"227":1,"228":1,"229":1,"230":1,"232":0,"234":1,"235":1,"238":0,"241":1,"242":1,"243":1,"246":1,"247":1,"248":1,"249":1,"250":1,"252":0,"253":0,"256":1,"257":1,"258":1,"259":1,"261":0,"264":1,"265":1,"266":1,"267":1,"268":1,"269":1,"271":1,"273":1,"276":1,"277":0,"278":0,"279":0}},"/home/travis/build/npmtest/node-npmtest-cfenv/node_modules/cfenv/server.js":{"path":"/home/travis/build/npmtest/node-npmtest-cfenv/node_modules/cfenv/server.js","s":{"1":1},"b":{},"f":{},"fnMap":{},"statementMap":{"1":{"start":{"line":3,"column":0},"end":{"line":3,"column":30}}},"branchMap":{},"code":["// Licensed under the Apache License. See footer for details.","","require(\"./lib/server\").main()","","//------------------------------------------------------------------------------","// Copyright IBM Corp. 2014","//","// Licensed under the Apache License, Version 2.0 (the \"License\");","// you may not use this file except in compliance with the License.","// You may obtain a copy of the License at","//","//    http://www.apache.org/licenses/LICENSE-2.0","//","// Unless required by applicable law or agreed to in writing, software","// distributed under the License is distributed on an \"AS IS\" BASIS,","// WITHOUT WARRANTIES OR CONDITIONS OF ANY KIND, either express or implied.","// See the License for the specific language governing permissions and","// limitations under the License.","//------------------------------------------------------------------------------",""],"l":{"3":1}},"/home/travis/build/npmtest/node-npmtest-cfenv/node_modules/cfenv/lib/server.js":{"path":"/home/travis/build/npmtest/node-npmtest-cfenv/node_modules/cfenv/lib/server.js","s":{"1":1,"2":1,"3":1,"4":1,"5":1,"6":1,"7":1,"8":1,"9":1,"10":1,"11":0,"12":0,"13":1,"14":0,"15":1,"16":1,"17":1,"18":1,"19":1,"20":1,"21":1,"22":1,"23":1,"24":1,"25":0,"26":1,"27":2,"28":1,"29":0},"b":{"1":[0,1]},"f":{"1":1,"2":1,"3":0,"4":0,"5":1,"6":0,"7":2},"fnMap":{"1":{"name":"(anonymous_1)","line":2,"loc":{"start":{"line":2,"column":1},"end":{"line":2,"column":12}}},"2":{"name":"(anonymous_2)","line":9,"loc":{"start":{"line":9,"column":17},"end":{"line":9,"column":28}}},"3":{"name":"(anonymous_3)","line":14,"loc":{"start":{"line":14,"column":25},"end":{"line":14,"column":53}}},"4":{"name":"(anonymous_4)","line":20,"loc":{"start":{"line":20,"column":51},"end":{"line":20,"column":62}}},"5":{"name":"(anonymous_5)","line":25,"loc":{"start":{"line":25,"column":17},"end":{"line":25,"column":34}}},"6":{"name":"(anonymous_6)","line":39,"loc":{"start":{"line":39,"column":7},"end":{"line":39,"column":24}}},"7":{"name":"(anonymous_7)","line":43,"loc":{"start":{"line":43,"column":7},"end":{"line":43,"column":24}}}},"statementMap":{"1":{"start":{"line":2,"column":0},"end":{"line":51,"column":14}},"2":{"start":{"line":3,"column":2},"end":{"line":3,"column":40}},"3":{"start":{"line":5,"column":2},"end":{"line":5,"column":25}},"4":{"start":{"line":7,"column":2},"end":{"line":7,"column":24}},"5":{"start":{"line":9,"column":2},"end":{"line":23,"column":4}},"6":{"start":{"line":10,"column":4},"end":{"line":10,"column":29}},"7":{"start":{"line":11,"column":4},"end":{"line":11,"column":31}},"8":{"start":{"line":12,"column":4},"end":{"line":12,"column":32}},"9":{"start":{"line":13,"column":4},"end":{"line":13,"column":33}},"10":{"start":{"line":14,"column":4},"end":{"line":19,"column":7}},"11":{"start":{"line":15,"column":6},"end":{"line":17,"column":9}},"12":{"start":{"line":18,"column":6},"end":{"line":18,"column":32}},"13":{"start":{"line":20,"column":4},"end":{"line":22,"column":7}},"14":{"start":{"line":21,"column":6},"end":{"line":21,"column":61}},"15":{"start":{"line":25,"column":2},"end":{"line":37,"column":4}},"16":{"start":{"line":26,"column":4},"end":{"line":26,"column":37}},"17":{"start":{"line":27,"column":4},"end":{"line":27,"column":16}},"18":{"start":{"line":28,"column":4},"end":{"line":28,"column":54}},"19":{"start":{"line":29,"column":4},"end":{"line":29,"column":36}},"20":{"start":{"line":30,"column":4},"end":{"line":30,"column":59}},"21":{"start":{"line":31,"column":4},"end":{"line":34,"column":7}},"22":{"start":{"line":35,"column":4},"end":{"line":35,"column":57}},"23":{"start":{"line":36,"column":4},"end":{"line":36,"column":31}},"24":{"start":{"line":39,"column":2},"end":{"line":41,"column":4}},"25":{"start":{"line":40,"column":4},"end":{"line":40,"column":34}},"26":{"start":{"line":43,"column":2},"end":{"line":45,"column":4}},"27":{"start":{"line":44,"column":4},"end":{"line":44,"column":43}},"28":{"start":{"line":47,"column":2},"end":{"line":49,"column":3}},"29":{"start":{"line":48,"column":4},"end":{"line":48,"column":19}}},"branchMap":{"1":{"line":47,"type":"if","locations":[{"start":{"line":47,"column":2},"end":{"line":47,"column":2}},{"start":{"line":47,"column":2},"end":{"line":47,"column":2}}]}},"code":["// Generated by CoffeeScript 1.12.2","(function() {","  var JL, JS, cfenv, generateDump, http;","","  http = require(\"http\");","","  cfenv = require(\"..\");","","  exports.main = function() {","    var appEnv, dump, server;","    appEnv = cfenv.getAppEnv();","    dump = generateDump(appEnv);","    server = http.createServer();","    server.on(\"request\", function(request, response) {","      response.writeHead(200, {","        \"Content-Type\": \"text/plain\"","      });","      return response.end(dump);","    });","    return server.listen(appEnv.port, appEnv.bind, function() {","      return console.log(\"server starting on \" + appEnv.url);","    });","  };","","  generateDump = function(appEnv) {","    var result, serviceURL, services;","    result = [];","    result.push(\"cfenv.getAppEnv(): \" + (JL(appEnv)));","    services = appEnv.getServices();","    result.push(\"appEnv.getServices(): \" + (JL(services)));","    serviceURL = appEnv.getServiceURL(\"cf-env-test\", {","      pathname: \"database\",","      auth: [\"username\", \"password\"]","    });","    result.push(\"appEnv.getServiceURL(): \" + serviceURL);","    return result.join(\"\\n\\n\");","  };","","  JS = function(object) {","    return JSON.stringify(object);","  };","","  JL = function(object) {","    return JSON.stringify(object, null, 4);","  };","","  if (require.main === module) {","    exports.main();","  }","","}).call(this);",""],"l":{"2":1,"3":1,"5":1,"7":1,"9":1,"10":1,"11":1,"12":1,"13":1,"14":1,"15":0,"18":0,"20":1,"21":0,"25":1,"26":1,"27":1,"28":1,"29":1,"30":1,"31":1,"35":1,"36":1,"39":1,"40":0,"43":1,"44":2,"47":1,"48":0}}}